
/home/dylankode/HustlerLab/Covaulty-project/backoffice-covaulty/src/hooks/useDashboardData.ts
  208:5  error  Error: Calling setState synchronously within an effect can trigger cascading renders

Effects are intended to synchronize state between React and external systems such as manually updating the DOM, state management libraries, or other platform APIs. In general, the body of an effect should do one or both of the following:
* Update external systems with the latest state from React.
* Subscribe for updates from some external system, calling setState in a callback function when external state changes.

Calling setState synchronously within an effect body causes cascading renders that can hurt performance, and is not recommended. (https://react.dev/learn/you-might-not-need-an-effect).

/home/dylankode/HustlerLab/Covaulty-project/backoffice-covaulty/src/hooks/useDashboardData.ts:208:5
  206 |
  207 |   useEffect(() => {
> 208 |     fetchLiveData();
      |     ^^^^^^^^^^^^^ Avoid calling setState() directly within an effect
  209 |     const clock = setInterval(() => setNow(formatTime()), 1000);
  210 |     const rotate = setInterval(() => setTick((x) => x + 1), 3500);
  211 |  react-hooks/set-state-in-effect

/home/dylankode/HustlerLab/Covaulty-project/backoffice-covaulty/src/hooks/useSetupPassword.ts
  20:7  error  Error: Calling setState synchronously within an effect can trigger cascading renders

Effects are intended to synchronize state between React and external systems such as manually updating the DOM, state management libraries, or other platform APIs. In general, the body of an effect should do one or both of the following:
* Update external systems with the latest state from React.
* Subscribe for updates from some external system, calling setState in a callback function when external state changes.

Calling setState synchronously within an effect body causes cascading renders that can hurt performance, and is not recommended. (https://react.dev/learn/you-might-not-need-an-effect).

/home/dylankode/HustlerLab/Covaulty-project/backoffice-covaulty/src/hooks/useSetupPassword.ts:20:7
  18 |     if (hashParts.length > 1) {
  19 |       const params = new URLSearchParams(hashParts[1]);
> 20 |       setToken(params.get("token") || "");
     |       ^^^^^^^^ Avoid calling setState() directly within an effect
  21 |       setEmail(params.get("email") || "");
  22 |     }
  23 |   }, []);  react-hooks/set-state-in-effect

/home/dylankode/HustlerLab/Covaulty-project/backoffice-covaulty/src/hooks/useTransactions.ts
  109:5  error    Error: Calling setState synchronously within an effect can trigger cascading renders

Effects are intended to synchronize state between React and external systems such as manually updating the DOM, state management libraries, or other platform APIs. In general, the body of an effect should do one or both of the following:
* Update external systems with the latest state from React.
* Subscribe for updates from some external system, calling setState in a callback function when external state changes.

Calling setState synchronously within an effect body causes cascading renders that can hurt performance, and is not recommended. (https://react.dev/learn/you-might-not-need-an-effect).

/home/dylankode/HustlerLab/Covaulty-project/backoffice-covaulty/src/hooks/useTransactions.ts:109:5
  107 |
  108 |   useEffect(() => {
> 109 |     fetchAll();
      |     ^^^^^^^^ Avoid calling setState() directly within an effect
  110 |   }, [agentIdFilter]);
  111 |
  112 |   const filtered = transactions.filter((t) => {  react-hooks/set-state-in-effect
  110:6  warning  React Hook useEffect has a missing dependency: 'fetchAll'. Either include it or remove the dependency array                                                                                                                                                                                                                                                                                                                                                                                                                                                                                                                                                                                                                                                                                                                                                                                                                                                                                                                                               react-hooks/exhaustive-deps

✖ 4 problems (3 errors, 1 warning)

